<?xml version="1.0" encoding="UTF-8"?>
<!-- Generated by org.testng.reporters.JUnitReportReporter -->
<testsuite hostname="DESKTOP-OJ38I0N" failures="0" tests="1" name="com.PARABankPractieGroup.TestLayer.AccountOverviewTest" time="30.709" errors="0" timestamp="2023-10-10T07:05:04 IST" skipped="0">
  <testcase classname="com.PARABankPractieGroup.TestLayer.AccountOverviewTest" name="VerifyAccountOverview" time="30.709"/>
</testsuite> <!-- com.PARABankPractieGroup.TestLayer.AccountOverviewTest -->
