<?xml version="1.0" encoding="UTF-8"?>
<!-- Generated by org.testng.reporters.JUnitReportReporter -->
<testsuite hostname="DESKTOP-PF67DQ4" failures="0" tests="1" name="com.PARABankPractieGroup.TestLayer.SignUpTest" time="31.657" errors="0" timestamp="2023-10-11T19:47:11 IST" skipped="0">
  <testcase classname="com.PARABankPractieGroup.TestLayer.SignUpTest" name="verifySignUpPage" time="31.657"/>
</testsuite> <!-- com.PARABankPractieGroup.TestLayer.SignUpTest -->
