<?xml version="1.0" encoding="UTF-8"?>
<!-- Generated by org.testng.reporters.JUnitReportReporter -->
<testsuite hostname="DESKTOP-K7J2E45" failures="0" tests="1" name="com.PARABankPractieGroup.TestLayer.HomeTest" time="38.457" errors="0" timestamp="2023-10-09T10:42:35 IST" skipped="0">
  <testcase classname="com.PARABankPractieGroup.TestLayer.HomeTest" name="validateRegisterLink" time="38.457"/>
</testsuite> <!-- com.PARABankPractieGroup.TestLayer.HomeTest -->
