<?xml version="1.0" encoding="UTF-8"?>
<!-- Generated by org.testng.reporters.JUnitReportReporter -->
<testsuite hostname="DESKTOP-K7J2E45" failures="0" tests="1" name="com.PARABankPractieGroup.TestLayer.SignUpTest" time="46.787" errors="0" timestamp="2023-10-09T10:29:49 IST" skipped="0">
  <testcase classname="com.PARABankPractieGroup.TestLayer.SignUpTest" name="verifySignUpPage" time="46.787"/>
</testsuite> <!-- com.PARABankPractieGroup.TestLayer.SignUpTest -->
