<?xml version="1.0" encoding="UTF-8"?>
<!-- Generated by org.testng.reporters.JUnitReportReporter -->
<testsuite hostname="DESKTOP-6CUE8A3" failures="0" tests="1" name="com.PARABankPractieGroup.TestLayer.SignUpTest" time="34.216" errors="0" timestamp="2023-10-09T09:05:26 IST" skipped="0">
  <testcase classname="com.PARABankPractieGroup.TestLayer.SignUpTest" name="verifySignUpPage" time="34.216"/>
</testsuite> <!-- com.PARABankPractieGroup.TestLayer.SignUpTest -->
