<?xml version="1.0" encoding="UTF-8"?>
<!-- Generated by org.testng.reporters.JUnitReportReporter -->
<testsuite hostname="DESKTOP-JQAP8PL" failures="0" tests="1" name="com.PARABankPractieGroup.TestLayer.SignUpTest" time="18.669" errors="0" timestamp="2023-10-09T14:39:21 IST" skipped="0">
  <testcase classname="com.PARABankPractieGroup.TestLayer.SignUpTest" name="verifySignUpPage" time="18.669"/>
</testsuite> <!-- com.PARABankPractieGroup.TestLayer.SignUpTest -->
