<?xml version="1.0" encoding="UTF-8"?>
<!-- Generated by org.testng.reporters.JUnitReportReporter -->
<testsuite hostname="DESKTOP-OJ38I0N" failures="0" tests="1" name="com.PARABankPractieGroup.TestBase.TestBaseClass" time="38.195" errors="0" timestamp="2023-10-09T07:31:18 IST" skipped="0">
  <testcase classname="com.PARABankPractieGroup.TestBase.TestBaseClass" name="setup" time="38.195"/>
</testsuite> <!-- com.PARABankPractieGroup.TestBase.TestBaseClass -->
