<?xml version="1.0" encoding="UTF-8"?>
<!-- Generated by org.testng.reporters.JUnitReportReporter -->
<testsuite hostname="DESKTOP-OJ38I0N" failures="0" tests="2" name="com.PARABankPractieGroup.TestLayer.HomeTest" time="27.410" errors="0" timestamp="2023-10-09T07:44:43 IST" skipped="0">
  <testcase classname="com.PARABankPractieGroup.TestLayer.HomeTest" name="setup" time="23.474"/>
  <testcase classname="com.PARABankPractieGroup.TestLayer.HomeTest" name="validateRegisterLink" time="3.936"/>
</testsuite> <!-- com.PARABankPractieGroup.TestLayer.HomeTest -->
