<?xml version="1.0" encoding="UTF-8"?>
<!-- Generated by org.testng.reporters.JUnitReportReporter -->
<testsuite hostname="DESKTOP-OJ38I0N" failures="0" tests="1" name="com.PARABankPractieGroup.TestLayer.OpenNewAccountTest" time="35.211" errors="0" timestamp="2023-10-10T06:55:20 IST" skipped="0">
  <testcase classname="com.PARABankPractieGroup.TestLayer.OpenNewAccountTest" name="validateNewAccount" time="35.211"/>
</testsuite> <!-- com.PARABankPractieGroup.TestLayer.OpenNewAccountTest -->
